<?xml version="1.0" encoding="UTF-8"?>
<!-- Generated by org.testng.reporters.JUnitReportReporter -->
<testsuite hostname="DESKTOP-QCMMN7B" failures="0" tests="1" name="com.indiapopulation.IndiaPopulation" time="24.370" errors="0" timestamp="2023-01-23T22:15:11 IST" skipped="0">
  <testcase classname="com.indiapopulation.IndiaPopulation" name="indiapopulationFunctionalityText" time="24.370"/>
  <system-out/>
</testsuite> <!-- com.indiapopulation.IndiaPopulation -->
