<?xml version="1.0" encoding="UTF-8"?>
<!-- Generated by org.testng.reporters.JUnitReportReporter -->
<testsuite hostname="DESKTOP-QCMMN7B" failures="0" tests="1" name="com.livetech.LiveTech" time="0.570" errors="0" timestamp="2023-01-19T19:58:10 IST" skipped="0">
  <testcase classname="com.livetech.LiveTech" name="LiveTechInstituteFunctionality" time="0.570"/>
  <system-out/>
</testsuite> <!-- com.livetech.LiveTech -->
