<?xml version="1.0" encoding="UTF-8"?>
<!-- Generated by org.testng.reporters.JUnitReportReporter -->
<testsuite hostname="DESKTOP-QCMMN7B" failures="0" tests="1" name="com.facebook.FacebookLoginText" time="0.557" errors="0" timestamp="2023-01-31T09:38:39 IST" skipped="0">
  <testcase classname="com.facebook.FacebookLoginText" name="facebookLoginFunctionalitytext" time="0.557"/>
  <system-out/>
</testsuite> <!-- com.facebook.FacebookLoginText -->
