<?xml version="1.0" encoding="UTF-8"?>
<!-- Generated by org.testng.reporters.JUnitReportReporter -->
<testsuite hostname="DESKTOP-QCMMN7B" failures="0" tests="1" name="com.OHRM.OrangeHRMLoginText" time="7.240" errors="0" timestamp="2023-01-27T17:47:59 IST" skipped="0">
  <testcase classname="com.OHRM.OrangeHRMLoginText" name="OrangeHrmFunctionalityText" time="7.240"/>
  <system-out/>
</testsuite> <!-- com.OHRM.OrangeHRMLoginText -->
